{"/Users/tomadams/foodly/app.js": {"path":"/Users/tomadams/foodly/app.js","statementMap":{"0":{"start":{"line":1,"column":16},"end":{"line":1,"column":38}},"1":{"start":{"line":2,"column":0},"end":{"line":2,"column":27}},"2":{"start":{"line":3,"column":11},"end":{"line":3,"column":26}},"3":{"start":{"line":5,"column":12},"end":{"line":12,"column":2}},"4":{"start":{"line":13,"column":0},"end":{"line":13,"column":21}},"5":{"start":{"line":15,"column":0},"end":{"line":15,"column":39}},"6":{"start":{"line":16,"column":0},"end":{"line":16,"column":45}},"7":{"start":{"line":17,"column":0},"end":{"line":17,"column":51}},"8":{"start":{"line":18,"column":0},"end":{"line":18,"column":39}},"9":{"start":{"line":19,"column":0},"end":{"line":19,"column":40}},"10":{"start":{"line":20,"column":0},"end":{"line":20,"column":47}},"11":{"start":{"line":21,"column":0},"end":{"line":21,"column":45}},"12":{"start":{"line":24,"column":0},"end":{"line":24,"column":28}},"13":{"start":{"line":28,"column":0},"end":{"line":47,"column":3}},"14":{"start":{"line":30,"column":19},"end":{"line":30,"column":46}},"15":{"start":{"line":31,"column":17},"end":{"line":31,"column":27}},"16":{"start":{"line":32,"column":2},"end":{"line":46,"column":3}},"17":{"start":{"line":33,"column":22},"end":{"line":33,"column":72}},"18":{"start":{"line":36,"column":4},"end":{"line":43,"column":5}},"19":{"start":{"line":37,"column":19},"end":{"line":37,"column":24}},"20":{"start":{"line":38,"column":6},"end":{"line":38,"column":51}},"21":{"start":{"line":39,"column":11},"end":{"line":43,"column":5}},"22":{"start":{"line":41,"column":19},"end":{"line":41,"column":23}},"23":{"start":{"line":42,"column":6},"end":{"line":42,"column":51}},"24":{"start":{"line":45,"column":4},"end":{"line":45,"column":24}}},"fnMap":{"0":{"name":"(anonymous_0)","decl":{"start":{"line":28,"column":29},"end":{"line":28,"column":30}},"loc":{"start":{"line":28,"column":72},"end":{"line":47,"column":1}},"line":28}},"branchMap":{"0":{"loc":{"start":{"line":10,"column":8},"end":{"line":10,"column":32}},"type":"binary-expr","locations":[{"start":{"line":10,"column":8},"end":{"line":10,"column":24}},{"start":{"line":10,"column":28},"end":{"line":10,"column":32}}],"line":10},"1":{"loc":{"start":{"line":36,"column":4},"end":{"line":43,"column":5}},"type":"if","locations":[{"start":{"line":36,"column":4},"end":{"line":43,"column":5}},{"start":{"line":39,"column":11},"end":{"line":43,"column":5}}],"line":36},"2":{"loc":{"start":{"line":36,"column":8},"end":{"line":36,"column":85}},"type":"binary-expr","locations":[{"start":{"line":36,"column":8},"end":{"line":36,"column":47}},{"start":{"line":36,"column":51},"end":{"line":36,"column":85}}],"line":36},"3":{"loc":{"start":{"line":39,"column":11},"end":{"line":43,"column":5}},"type":"if","locations":[{"start":{"line":39,"column":11},"end":{"line":43,"column":5}},{"start":{},"end":{}}],"line":39}},"s":{"0":1,"1":1,"2":1,"3":1,"4":1,"5":1,"6":1,"7":1,"8":1,"9":1,"10":1,"11":1,"12":1,"13":1,"14":0,"15":0,"16":0,"17":0,"18":0,"19":0,"20":0,"21":0,"22":0,"23":0,"24":0},"f":{"0":0},"b":{"0":[1,1],"1":[0,0],"2":[0,0],"3":[0,0]},"_coverageSchema":"1a1c01bbd47fc00a2c39e90264f33305004495a9","hash":"9843c863f40c62aa370ee3a9a6fba1bd61284eb7"}
,"/Users/tomadams/foodly/commands/index.js": {"path":"/Users/tomadams/foodly/commands/index.js","statementMap":{"0":{"start":{"line":1,"column":11},"end":{"line":1,"column":27}},"1":{"start":{"line":2,"column":15},"end":{"line":2,"column":32}},"2":{"start":{"line":3,"column":14},"end":{"line":3,"column":40}},"3":{"start":{"line":4,"column":12},"end":{"line":4,"column":29}},"4":{"start":{"line":6,"column":16},"end":{"line":43,"column":1}},"5":{"start":{"line":8,"column":2},"end":{"line":42,"column":4}},"6":{"start":{"line":9,"column":29},"end":{"line":9,"column":34}},"7":{"start":{"line":10,"column":4},"end":{"line":10,"column":15}},"8":{"start":{"line":11,"column":22},"end":{"line":11,"column":78}},"9":{"start":{"line":12,"column":14},"end":{"line":12,"column":38}},"10":{"start":{"line":13,"column":4},"end":{"line":13,"column":59}},"11":{"start":{"line":14,"column":4},"end":{"line":14,"column":27}},"12":{"start":{"line":15,"column":4},"end":{"line":41,"column":5}},"13":{"start":{"line":16,"column":6},"end":{"line":19,"column":8}},"14":{"start":{"line":21,"column":6},"end":{"line":21,"column":40}},"15":{"start":{"line":22,"column":21},"end":{"line":22,"column":93}},"16":{"start":{"line":23,"column":25},"end":{"line":27,"column":7}},"17":{"start":{"line":28,"column":21},"end":{"line":28,"column":23}},"18":{"start":{"line":29,"column":6},"end":{"line":40,"column":7}},"19":{"start":{"line":30,"column":8},"end":{"line":35,"column":9}},"20":{"start":{"line":30,"column":21},"end":{"line":30,"column":22}},"21":{"start":{"line":31,"column":10},"end":{"line":34,"column":11}},"22":{"start":{"line":32,"column":12},"end":{"line":32,"column":53}},"23":{"start":{"line":33,"column":12},"end":{"line":33,"column":89}},"24":{"start":{"line":36,"column":8},"end":{"line":39,"column":10}},"25":{"start":{"line":45,"column":0},"end":{"line":45,"column":25}}},"fnMap":{"0":{"name":"(anonymous_0)","decl":{"start":{"line":6,"column":16},"end":{"line":6,"column":17}},"loc":{"start":{"line":6,"column":22},"end":{"line":43,"column":1}},"line":6},"1":{"name":"(anonymous_1)","decl":{"start":{"line":8,"column":25},"end":{"line":8,"column":26}},"loc":{"start":{"line":8,"column":42},"end":{"line":42,"column":3}},"line":8}},"branchMap":{"0":{"loc":{"start":{"line":15,"column":4},"end":{"line":41,"column":5}},"type":"if","locations":[{"start":{"line":15,"column":4},"end":{"line":41,"column":5}},{"start":{"line":20,"column":11},"end":{"line":41,"column":5}}],"line":15},"1":{"loc":{"start":{"line":29,"column":6},"end":{"line":40,"column":7}},"type":"if","locations":[{"start":{"line":29,"column":6},"end":{"line":40,"column":7}},{"start":{},"end":{}}],"line":29},"2":{"loc":{"start":{"line":31,"column":10},"end":{"line":34,"column":11}},"type":"if","locations":[{"start":{"line":31,"column":10},"end":{"line":34,"column":11}},{"start":{},"end":{}}],"line":31}},"s":{"0":1,"1":1,"2":1,"3":1,"4":1,"5":0,"6":0,"7":0,"8":0,"9":0,"10":0,"11":0,"12":0,"13":0,"14":0,"15":0,"16":0,"17":0,"18":0,"19":0,"20":0,"21":0,"22":0,"23":0,"24":0,"25":1},"f":{"0":0,"1":0},"b":{"0":[0,0],"1":[0,0],"2":[0,0]},"_coverageSchema":"1a1c01bbd47fc00a2c39e90264f33305004495a9","hash":"390196eb2f225b8437b9ff39a5132a57ad8f3662"}
,"/Users/tomadams/foodly/cronJobs/archiveFoodlyLunchChat.js": {"path":"/Users/tomadams/foodly/cronJobs/archiveFoodlyLunchChat.js","statementMap":{"0":{"start":{"line":1,"column":16},"end":{"line":1,"column":39}},"1":{"start":{"line":2,"column":11},"end":{"line":2,"column":27}},"2":{"start":{"line":3,"column":15},"end":{"line":3,"column":32}},"3":{"start":{"line":4,"column":14},"end":{"line":4,"column":40}},"4":{"start":{"line":5,"column":12},"end":{"line":5,"column":29}},"5":{"start":{"line":7,"column":16},"end":{"line":24,"column":1}},"6":{"start":{"line":9,"column":2},"end":{"line":23,"column":44}},"7":{"start":{"line":11,"column":6},"end":{"line":11,"column":33}},"8":{"start":{"line":12,"column":27},"end":{"line":12,"column":56}},"9":{"start":{"line":13,"column":6},"end":{"line":22,"column":7}},"10":{"start":{"line":13,"column":19},"end":{"line":13,"column":20}},"11":{"start":{"line":14,"column":8},"end":{"line":21,"column":40}},"12":{"start":{"line":15,"column":25},"end":{"line":15,"column":92}},"13":{"start":{"line":16,"column":34},"end":{"line":16,"column":56}},"14":{"start":{"line":17,"column":10},"end":{"line":20,"column":12}},"15":{"start":{"line":21,"column":23},"end":{"line":21,"column":39}},"16":{"start":{"line":26,"column":0},"end":{"line":26,"column":25}}},"fnMap":{"0":{"name":"(anonymous_0)","decl":{"start":{"line":7,"column":16},"end":{"line":7,"column":17}},"loc":{"start":{"line":7,"column":28},"end":{"line":24,"column":1}},"line":7},"1":{"name":"(anonymous_1)","decl":{"start":{"line":10,"column":17},"end":{"line":10,"column":18}},"loc":{"start":{"line":10,"column":29},"end":{"line":23,"column":5}},"line":10}},"branchMap":{},"s":{"0":1,"1":1,"2":1,"3":1,"4":1,"5":1,"6":1,"7":0,"8":0,"9":0,"10":0,"11":0,"12":0,"13":0,"14":0,"15":0,"16":1},"f":{"0":1,"1":0},"b":{},"_coverageSchema":"1a1c01bbd47fc00a2c39e90264f33305004495a9","hash":"3475832b3f71569be5a4f70290a85c737cfbf685"}
,"/Users/tomadams/foodly/cronJobs/createNewSurvey.js": {"path":"/Users/tomadams/foodly/cronJobs/createNewSurvey.js","statementMap":{"0":{"start":{"line":1,"column":16},"end":{"line":1,"column":39}},"1":{"start":{"line":2,"column":11},"end":{"line":2,"column":27}},"2":{"start":{"line":3,"column":15},"end":{"line":3,"column":32}},"3":{"start":{"line":4,"column":14},"end":{"line":4,"column":40}},"4":{"start":{"line":6,"column":16},"end":{"line":16,"column":1}},"5":{"start":{"line":8,"column":4},"end":{"line":15,"column":43}},"6":{"start":{"line":9,"column":6},"end":{"line":14,"column":38}},"7":{"start":{"line":10,"column":29},"end":{"line":10,"column":58}},"8":{"start":{"line":11,"column":8},"end":{"line":13,"column":9}},"9":{"start":{"line":11,"column":21},"end":{"line":11,"column":22}},"10":{"start":{"line":12,"column":10},"end":{"line":12,"column":78}},"11":{"start":{"line":14,"column":21},"end":{"line":14,"column":37}},"12":{"start":{"line":17,"column":0},"end":{"line":17,"column":24}}},"fnMap":{"0":{"name":"(anonymous_0)","decl":{"start":{"line":6,"column":16},"end":{"line":6,"column":17}},"loc":{"start":{"line":6,"column":28},"end":{"line":16,"column":1}},"line":6},"1":{"name":"(anonymous_1)","decl":{"start":{"line":8,"column":29},"end":{"line":8,"column":30}},"loc":{"start":{"line":8,"column":41},"end":{"line":15,"column":5}},"line":8}},"branchMap":{},"s":{"0":1,"1":1,"2":1,"3":1,"4":1,"5":1,"6":0,"7":0,"8":0,"9":0,"10":0,"11":0,"12":1},"f":{"0":1,"1":0},"b":{},"_coverageSchema":"1a1c01bbd47fc00a2c39e90264f33305004495a9","hash":"bbfe60f02c0cb4d874da9c962d31ce6a47908bdf"}
,"/Users/tomadams/foodly/cronJobs/morningMessage.js": {"path":"/Users/tomadams/foodly/cronJobs/morningMessage.js","statementMap":{"0":{"start":{"line":1,"column":16},"end":{"line":1,"column":39}},"1":{"start":{"line":2,"column":11},"end":{"line":2,"column":27}},"2":{"start":{"line":3,"column":15},"end":{"line":3,"column":32}},"3":{"start":{"line":4,"column":24},"end":{"line":4,"column":69}},"4":{"start":{"line":5,"column":14},"end":{"line":5,"column":40}},"5":{"start":{"line":6,"column":12},"end":{"line":6,"column":29}},"6":{"start":{"line":8,"column":16},"end":{"line":42,"column":1}},"7":{"start":{"line":12,"column":2},"end":{"line":41,"column":41}},"8":{"start":{"line":20,"column":4},"end":{"line":40,"column":36}},"9":{"start":{"line":23,"column":27},"end":{"line":23,"column":56}},"10":{"start":{"line":24,"column":6},"end":{"line":39,"column":7}},"11":{"start":{"line":24,"column":19},"end":{"line":24,"column":20}},"12":{"start":{"line":26,"column":29},"end":{"line":26,"column":82}},"13":{"start":{"line":27,"column":18},"end":{"line":27,"column":42}},"14":{"start":{"line":28,"column":8},"end":{"line":38,"column":9}},"15":{"start":{"line":29,"column":35},"end":{"line":29,"column":72}},"16":{"start":{"line":30,"column":27},"end":{"line":30,"column":79}},"17":{"start":{"line":31,"column":40},"end":{"line":31,"column":46}},"18":{"start":{"line":33,"column":29},"end":{"line":33,"column":107}},"19":{"start":{"line":35,"column":10},"end":{"line":37,"column":11}},"20":{"start":{"line":35,"column":23},"end":{"line":35,"column":24}},"21":{"start":{"line":36,"column":12},"end":{"line":36,"column":121}},"22":{"start":{"line":40,"column":19},"end":{"line":40,"column":35}},"23":{"start":{"line":43,"column":0},"end":{"line":43,"column":24}}},"fnMap":{"0":{"name":"(anonymous_0)","decl":{"start":{"line":8,"column":16},"end":{"line":8,"column":17}},"loc":{"start":{"line":8,"column":28},"end":{"line":42,"column":1}},"line":8},"1":{"name":"(anonymous_1)","decl":{"start":{"line":12,"column":27},"end":{"line":12,"column":28}},"loc":{"start":{"line":12,"column":39},"end":{"line":41,"column":3}},"line":12}},"branchMap":{"0":{"loc":{"start":{"line":28,"column":8},"end":{"line":38,"column":9}},"type":"if","locations":[{"start":{"line":28,"column":8},"end":{"line":38,"column":9}},{"start":{},"end":{}}],"line":28}},"s":{"0":1,"1":1,"2":1,"3":1,"4":1,"5":1,"6":1,"7":1,"8":0,"9":0,"10":0,"11":0,"12":0,"13":0,"14":0,"15":0,"16":0,"17":0,"18":0,"19":0,"20":0,"21":0,"22":0,"23":1},"f":{"0":1,"1":0},"b":{"0":[0,0]},"_coverageSchema":"1a1c01bbd47fc00a2c39e90264f33305004495a9","hash":"a4a83d460c6100c529db89d4468fbdf95277651b"}
,"/Users/tomadams/foodly/cronJobs/winningSuggestionMsg.js": {"path":"/Users/tomadams/foodly/cronJobs/winningSuggestionMsg.js","statementMap":{"0":{"start":{"line":1,"column":16},"end":{"line":1,"column":39}},"1":{"start":{"line":2,"column":11},"end":{"line":2,"column":27}},"2":{"start":{"line":3,"column":15},"end":{"line":3,"column":32}},"3":{"start":{"line":4,"column":31},"end":{"line":4,"column":83}},"4":{"start":{"line":5,"column":14},"end":{"line":5,"column":40}},"5":{"start":{"line":10,"column":4},"end":{"line":10,"column":47}},"6":{"start":{"line":11,"column":12},"end":{"line":11,"column":29}},"7":{"start":{"line":13,"column":16},"end":{"line":54,"column":1}},"8":{"start":{"line":15,"column":2},"end":{"line":53,"column":12}},"9":{"start":{"line":19,"column":27},"end":{"line":19,"column":56}},"10":{"start":{"line":20,"column":6},"end":{"line":48,"column":7}},"11":{"start":{"line":20,"column":19},"end":{"line":20,"column":20}},"12":{"start":{"line":21,"column":26},"end":{"line":21,"column":79}},"13":{"start":{"line":23,"column":30},"end":{"line":23,"column":60}},"14":{"start":{"line":24,"column":18},"end":{"line":24,"column":42}},"15":{"start":{"line":25,"column":8},"end":{"line":47,"column":9}},"16":{"start":{"line":26,"column":10},"end":{"line":26,"column":26}},"17":{"start":{"line":27,"column":31},"end":{"line":27,"column":103}},"18":{"start":{"line":29,"column":10},"end":{"line":29,"column":65}},"19":{"start":{"line":31,"column":29},"end":{"line":31,"column":74}},"20":{"start":{"line":32,"column":46},"end":{"line":32,"column":52}},"21":{"start":{"line":34,"column":29},"end":{"line":34,"column":112}},"22":{"start":{"line":35,"column":10},"end":{"line":46,"column":11}},"23":{"start":{"line":35,"column":23},"end":{"line":35,"column":24}},"24":{"start":{"line":36,"column":12},"end":{"line":45,"column":14}},"25":{"start":{"line":56,"column":0},"end":{"line":56,"column":25}}},"fnMap":{"0":{"name":"(anonymous_0)","decl":{"start":{"line":13,"column":16},"end":{"line":13,"column":17}},"loc":{"start":{"line":13,"column":28},"end":{"line":54,"column":1}},"line":13},"1":{"name":"(anonymous_1)","decl":{"start":{"line":17,"column":4},"end":{"line":17,"column":5}},"loc":{"start":{"line":17,"column":16},"end":{"line":49,"column":5}},"line":17}},"branchMap":{"0":{"loc":{"start":{"line":25,"column":8},"end":{"line":47,"column":9}},"type":"if","locations":[{"start":{"line":25,"column":8},"end":{"line":47,"column":9}},{"start":{},"end":{}}],"line":25}},"s":{"0":1,"1":1,"2":1,"3":1,"4":1,"5":1,"6":1,"7":1,"8":1,"9":0,"10":0,"11":0,"12":0,"13":0,"14":0,"15":0,"16":0,"17":0,"18":0,"19":0,"20":0,"21":0,"22":0,"23":0,"24":0,"25":1},"f":{"0":1,"1":0},"b":{"0":[0,0]},"_coverageSchema":"1a1c01bbd47fc00a2c39e90264f33305004495a9","hash":"c1d2cbbfbfb8ba9280fa065aa6fbf70dec91d07e"}
,"/Users/tomadams/foodly/foodlyFunctions/sendMsgAllUsers.js": {"path":"/Users/tomadams/foodly/foodlyFunctions/sendMsgAllUsers.js","statementMap":{"0":{"start":{"line":1,"column":24},"end":{"line":41,"column":1}},"1":{"start":{"line":9,"column":2},"end":{"line":9,"column":54}},"2":{"start":{"line":11,"column":2},"end":{"line":40,"column":34}},"3":{"start":{"line":12,"column":20},"end":{"line":17,"column":6}},"4":{"start":{"line":18,"column":19},"end":{"line":18,"column":71}},"5":{"start":{"line":19,"column":4},"end":{"line":39,"column":5}},"6":{"start":{"line":20,"column":6},"end":{"line":20,"column":33}},"7":{"start":{"line":21,"column":6},"end":{"line":29,"column":9}},"8":{"start":{"line":31,"column":6},"end":{"line":31,"column":35}},"9":{"start":{"line":32,"column":6},"end":{"line":32,"column":84}},"10":{"start":{"line":33,"column":6},"end":{"line":38,"column":9}},"11":{"start":{"line":40,"column":17},"end":{"line":40,"column":33}},"12":{"start":{"line":43,"column":0},"end":{"line":43,"column":33}}},"fnMap":{"0":{"name":"(anonymous_0)","decl":{"start":{"line":1,"column":24},"end":{"line":1,"column":25}},"loc":{"start":{"line":8,"column":5},"end":{"line":41,"column":1}},"line":8}},"branchMap":{"0":{"loc":{"start":{"line":19,"column":4},"end":{"line":39,"column":5}},"type":"if","locations":[{"start":{"line":19,"column":4},"end":{"line":39,"column":5}},{"start":{"line":30,"column":11},"end":{"line":39,"column":5}}],"line":19}},"s":{"0":1,"1":0,"2":0,"3":0,"4":0,"5":0,"6":0,"7":0,"8":0,"9":0,"10":0,"11":0,"12":1},"f":{"0":0},"b":{"0":[0,0]},"_coverageSchema":"1a1c01bbd47fc00a2c39e90264f33305004495a9","hash":"584e632577ffc03e99eef184b11850f8a17655f8"}
,"/Users/tomadams/foodly/foodlyFunctions/sendWinningMsgAllUsers.js": {"path":"/Users/tomadams/foodly/foodlyFunctions/sendWinningMsgAllUsers.js","statementMap":{"0":{"start":{"line":1,"column":31},"end":{"line":41,"column":1}},"1":{"start":{"line":11,"column":2},"end":{"line":11,"column":18}},"2":{"start":{"line":12,"column":2},"end":{"line":40,"column":34}},"3":{"start":{"line":14,"column":20},"end":{"line":19,"column":6}},"4":{"start":{"line":20,"column":19},"end":{"line":20,"column":71}},"5":{"start":{"line":21,"column":4},"end":{"line":21,"column":33}},"6":{"start":{"line":22,"column":4},"end":{"line":39,"column":5}},"7":{"start":{"line":23,"column":6},"end":{"line":31,"column":9}},"8":{"start":{"line":33,"column":6},"end":{"line":38,"column":9}},"9":{"start":{"line":40,"column":17},"end":{"line":40,"column":33}},"10":{"start":{"line":43,"column":0},"end":{"line":43,"column":40}}},"fnMap":{"0":{"name":"(anonymous_0)","decl":{"start":{"line":1,"column":31},"end":{"line":1,"column":32}},"loc":{"start":{"line":10,"column":5},"end":{"line":41,"column":1}},"line":10}},"branchMap":{"0":{"loc":{"start":{"line":22,"column":4},"end":{"line":39,"column":5}},"type":"if","locations":[{"start":{"line":22,"column":4},"end":{"line":39,"column":5}},{"start":{"line":32,"column":11},"end":{"line":39,"column":5}}],"line":22}},"s":{"0":1,"1":0,"2":0,"3":0,"4":0,"5":0,"6":0,"7":0,"8":0,"9":0,"10":1},"f":{"0":0},"b":{"0":[0,0]},"_coverageSchema":"1a1c01bbd47fc00a2c39e90264f33305004495a9","hash":"baae05c9d02a03107b2cae7cdf38d27974af3160"}
,"/Users/tomadams/foodly/foodlyFunctions/updateMsgAllUsers.js": {"path":"/Users/tomadams/foodly/foodlyFunctions/updateMsgAllUsers.js","statementMap":{"0":{"start":{"line":1,"column":15},"end":{"line":1,"column":32}},"1":{"start":{"line":2,"column":14},"end":{"line":2,"column":40}},"2":{"start":{"line":4,"column":26},"end":{"line":41,"column":1}},"3":{"start":{"line":5,"column":2},"end":{"line":40,"column":34}},"4":{"start":{"line":7,"column":29},"end":{"line":7,"column":66}},"5":{"start":{"line":8,"column":21},"end":{"line":8,"column":56}},"6":{"start":{"line":9,"column":34},"end":{"line":9,"column":40}},"7":{"start":{"line":11,"column":19},"end":{"line":11,"column":71}},"8":{"start":{"line":13,"column":21},"end":{"line":13,"column":36}},"9":{"start":{"line":14,"column":29},"end":{"line":14,"column":44}},"10":{"start":{"line":16,"column":4},"end":{"line":25,"column":5}},"11":{"start":{"line":17,"column":6},"end":{"line":24,"column":7}},"12":{"start":{"line":18,"column":8},"end":{"line":20,"column":51}},"13":{"start":{"line":21,"column":8},"end":{"line":23,"column":66}},"14":{"start":{"line":27,"column":4},"end":{"line":39,"column":5}},"15":{"start":{"line":27,"column":17},"end":{"line":27,"column":18}},"16":{"start":{"line":28,"column":17},"end":{"line":28,"column":31}},"17":{"start":{"line":29,"column":24},"end":{"line":29,"column":45}},"18":{"start":{"line":30,"column":6},"end":{"line":38,"column":7}},"19":{"start":{"line":31,"column":8},"end":{"line":37,"column":11}},"20":{"start":{"line":40,"column":17},"end":{"line":40,"column":33}},"21":{"start":{"line":42,"column":0},"end":{"line":42,"column":35}}},"fnMap":{"0":{"name":"(anonymous_0)","decl":{"start":{"line":4,"column":26},"end":{"line":4,"column":27}},"loc":{"start":{"line":4,"column":68},"end":{"line":41,"column":1}},"line":4}},"branchMap":{"0":{"loc":{"start":{"line":16,"column":4},"end":{"line":25,"column":5}},"type":"if","locations":[{"start":{"line":16,"column":4},"end":{"line":25,"column":5}},{"start":{},"end":{}}],"line":16},"1":{"loc":{"start":{"line":17,"column":6},"end":{"line":24,"column":7}},"type":"if","locations":[{"start":{"line":17,"column":6},"end":{"line":24,"column":7}},{"start":{},"end":{}}],"line":17},"2":{"loc":{"start":{"line":30,"column":6},"end":{"line":38,"column":7}},"type":"if","locations":[{"start":{"line":30,"column":6},"end":{"line":38,"column":7}},{"start":{},"end":{}}],"line":30}},"s":{"0":1,"1":1,"2":1,"3":0,"4":0,"5":0,"6":0,"7":0,"8":0,"9":0,"10":0,"11":0,"12":0,"13":0,"14":0,"15":0,"16":0,"17":0,"18":0,"19":0,"20":0,"21":1},"f":{"0":0},"b":{"0":[0,0],"1":[0,0],"2":[0,0]},"_coverageSchema":"1a1c01bbd47fc00a2c39e90264f33305004495a9","hash":"61ab53170dd0c75522fa1c38084a8df5089d6f3b"}
,"/Users/tomadams/foodly/foodlyFunctions/updateWinningMsgAllUsers.js": {"path":"/Users/tomadams/foodly/foodlyFunctions/updateWinningMsgAllUsers.js","statementMap":{"0":{"start":{"line":1,"column":15},"end":{"line":1,"column":32}},"1":{"start":{"line":2,"column":14},"end":{"line":2,"column":40}},"2":{"start":{"line":4,"column":33},"end":{"line":33,"column":1}},"3":{"start":{"line":5,"column":2},"end":{"line":32,"column":34}},"4":{"start":{"line":7,"column":23},"end":{"line":7,"column":77}},"5":{"start":{"line":8,"column":29},"end":{"line":8,"column":46}},"6":{"start":{"line":10,"column":19},"end":{"line":10,"column":85}},"7":{"start":{"line":11,"column":22},"end":{"line":11,"column":72}},"8":{"start":{"line":12,"column":21},"end":{"line":12,"column":36}},"9":{"start":{"line":13,"column":29},"end":{"line":13,"column":44}},"10":{"start":{"line":15,"column":4},"end":{"line":17,"column":5}},"11":{"start":{"line":16,"column":6},"end":{"line":16,"column":137}},"12":{"start":{"line":19,"column":4},"end":{"line":31,"column":5}},"13":{"start":{"line":19,"column":17},"end":{"line":19,"column":18}},"14":{"start":{"line":20,"column":17},"end":{"line":20,"column":31}},"15":{"start":{"line":21,"column":24},"end":{"line":21,"column":45}},"16":{"start":{"line":22,"column":6},"end":{"line":30,"column":7}},"17":{"start":{"line":23,"column":8},"end":{"line":29,"column":11}},"18":{"start":{"line":32,"column":17},"end":{"line":32,"column":33}},"19":{"start":{"line":34,"column":0},"end":{"line":34,"column":42}}},"fnMap":{"0":{"name":"(anonymous_0)","decl":{"start":{"line":4,"column":33},"end":{"line":4,"column":34}},"loc":{"start":{"line":4,"column":60},"end":{"line":33,"column":1}},"line":4}},"branchMap":{"0":{"loc":{"start":{"line":15,"column":4},"end":{"line":17,"column":5}},"type":"if","locations":[{"start":{"line":15,"column":4},"end":{"line":17,"column":5}},{"start":{},"end":{}}],"line":15},"1":{"loc":{"start":{"line":22,"column":6},"end":{"line":30,"column":7}},"type":"if","locations":[{"start":{"line":22,"column":6},"end":{"line":30,"column":7}},{"start":{},"end":{}}],"line":22}},"s":{"0":1,"1":1,"2":1,"3":0,"4":0,"5":0,"6":0,"7":0,"8":0,"9":0,"10":0,"11":0,"12":0,"13":0,"14":0,"15":0,"16":0,"17":0,"18":0,"19":1},"f":{"0":0},"b":{"0":[0,0],"1":[0,0]},"_coverageSchema":"1a1c01bbd47fc00a2c39e90264f33305004495a9","hash":"17a69ec5196689077d6e0a88d9ec792e86f5c0d0"}
,"/Users/tomadams/foodly/homeView/homeViewActions.js": {"path":"/Users/tomadams/foodly/homeView/homeViewActions.js","statementMap":{"0":{"start":{"line":1,"column":17},"end":{"line":1,"column":29}},"1":{"start":{"line":2,"column":11},"end":{"line":2,"column":27}},"2":{"start":{"line":3,"column":12},"end":{"line":3,"column":29}},"3":{"start":{"line":5,"column":0},"end":{"line":72,"column":2}},"4":{"start":{"line":8,"column":2},"end":{"line":33,"column":5}},"5":{"start":{"line":9,"column":26},"end":{"line":9,"column":31}},"6":{"start":{"line":10,"column":4},"end":{"line":14,"column":5}},"7":{"start":{"line":11,"column":6},"end":{"line":11,"column":18}},"8":{"start":{"line":13,"column":6},"end":{"line":13,"column":23}},"9":{"start":{"line":16,"column":4},"end":{"line":32,"column":35}},"10":{"start":{"line":18,"column":24},"end":{"line":18,"column":79}},"11":{"start":{"line":19,"column":6},"end":{"line":26,"column":7}},"12":{"start":{"line":20,"column":8},"end":{"line":20,"column":35}},"13":{"start":{"line":21,"column":8},"end":{"line":21,"column":127}},"14":{"start":{"line":24,"column":8},"end":{"line":24,"column":35}},"15":{"start":{"line":25,"column":8},"end":{"line":25,"column":108}},"16":{"start":{"line":27,"column":18},"end":{"line":27,"column":45}},"17":{"start":{"line":28,"column":19},"end":{"line":28,"column":29}},"18":{"start":{"line":29,"column":19},"end":{"line":29,"column":23}},"19":{"start":{"line":30,"column":6},"end":{"line":30,"column":31}},"20":{"start":{"line":31,"column":6},"end":{"line":31,"column":50}},"21":{"start":{"line":32,"column":18},"end":{"line":32,"column":34}},"22":{"start":{"line":36,"column":2},"end":{"line":39,"column":5}},"23":{"start":{"line":37,"column":4},"end":{"line":37,"column":16}},"24":{"start":{"line":38,"column":4},"end":{"line":38,"column":48}},"25":{"start":{"line":42,"column":2},"end":{"line":56,"column":5}},"26":{"start":{"line":43,"column":26},"end":{"line":43,"column":31}},"27":{"start":{"line":44,"column":4},"end":{"line":44,"column":16}},"28":{"start":{"line":45,"column":25},"end":{"line":45,"column":52}},"29":{"start":{"line":46,"column":4},"end":{"line":49,"column":6}},"30":{"start":{"line":51,"column":22},"end":{"line":51,"column":77}},"31":{"start":{"line":52,"column":4},"end":{"line":55,"column":7}},"32":{"start":{"line":58,"column":2},"end":{"line":71,"column":5}},"33":{"start":{"line":59,"column":26},"end":{"line":59,"column":31}},"34":{"start":{"line":60,"column":4},"end":{"line":60,"column":16}},"35":{"start":{"line":61,"column":25},"end":{"line":61,"column":52}},"36":{"start":{"line":62,"column":4},"end":{"line":65,"column":6}},"37":{"start":{"line":66,"column":22},"end":{"line":66,"column":77}},"38":{"start":{"line":67,"column":4},"end":{"line":70,"column":7}}},"fnMap":{"0":{"name":"(anonymous_0)","decl":{"start":{"line":5,"column":17},"end":{"line":5,"column":18}},"loc":{"start":{"line":5,"column":29},"end":{"line":72,"column":1}},"line":5},"1":{"name":"(anonymous_1)","decl":{"start":{"line":8,"column":28},"end":{"line":8,"column":29}},"loc":{"start":{"line":8,"column":45},"end":{"line":33,"column":3}},"line":8},"2":{"name":"(anonymous_2)","decl":{"start":{"line":36,"column":34},"end":{"line":36,"column":35}},"loc":{"start":{"line":36,"column":53},"end":{"line":39,"column":3}},"line":36},"3":{"name":"(anonymous_3)","decl":{"start":{"line":42,"column":34},"end":{"line":42,"column":35}},"loc":{"start":{"line":42,"column":51},"end":{"line":56,"column":3}},"line":42},"4":{"name":"(anonymous_4)","decl":{"start":{"line":58,"column":36},"end":{"line":58,"column":37}},"loc":{"start":{"line":58,"column":53},"end":{"line":71,"column":3}},"line":58}},"branchMap":{"0":{"loc":{"start":{"line":19,"column":6},"end":{"line":26,"column":7}},"type":"if","locations":[{"start":{"line":19,"column":6},"end":{"line":26,"column":7}},{"start":{"line":23,"column":11},"end":{"line":26,"column":7}}],"line":19}},"s":{"0":1,"1":1,"2":1,"3":1,"4":1,"5":0,"6":0,"7":0,"8":0,"9":0,"10":0,"11":0,"12":0,"13":0,"14":0,"15":0,"16":0,"17":0,"18":0,"19":0,"20":0,"21":0,"22":1,"23":0,"24":0,"25":1,"26":0,"27":0,"28":0,"29":0,"30":0,"31":0,"32":1,"33":0,"34":0,"35":0,"36":0,"37":0,"38":0},"f":{"0":1,"1":0,"2":0,"3":0,"4":0},"b":{"0":[0,0]},"_coverageSchema":"1a1c01bbd47fc00a2c39e90264f33305004495a9","hash":"4e035ecfa273cb7158387fd65e8847d182e0cd1f"}
,"/Users/tomadams/foodly/homeView/index.js": {"path":"/Users/tomadams/foodly/homeView/index.js","statementMap":{"0":{"start":{"line":1,"column":11},"end":{"line":1,"column":27}},"1":{"start":{"line":3,"column":17},"end":{"line":223,"column":1}},"2":{"start":{"line":6,"column":4},"end":{"line":9,"column":10}},"3":{"start":{"line":7,"column":6},"end":{"line":7,"column":72}},"4":{"start":{"line":8,"column":6},"end":{"line":8,"column":17}},"5":{"start":{"line":13,"column":19},"end":{"line":13,"column":21}},"6":{"start":{"line":14,"column":2},"end":{"line":29,"column":3}},"7":{"start":{"line":16,"column":25},"end":{"line":16,"column":85}},"8":{"start":{"line":16,"column":67},"end":{"line":16,"column":83}},"9":{"start":{"line":17,"column":31},"end":{"line":25,"column":17}},"10":{"start":{"line":18,"column":6},"end":{"line":24,"column":7}},"11":{"start":{"line":18,"column":23},"end":{"line":18,"column":31}},"12":{"start":{"line":19,"column":11},"end":{"line":24,"column":7}},"13":{"start":{"line":19,"column":28},"end":{"line":19,"column":37}},"14":{"start":{"line":21,"column":8},"end":{"line":23,"column":21}},"15":{"start":{"line":21,"column":25},"end":{"line":21,"column":33}},"16":{"start":{"line":22,"column":13},"end":{"line":23,"column":21}},"17":{"start":{"line":22,"column":30},"end":{"line":22,"column":39}},"18":{"start":{"line":23,"column":13},"end":{"line":23,"column":21}},"19":{"start":{"line":26,"column":4},"end":{"line":26,"column":52}},"20":{"start":{"line":28,"column":4},"end":{"line":28,"column":55}},"21":{"start":{"line":31,"column":2},"end":{"line":222,"column":1}},"22":{"start":{"line":32,"column":4},"end":{"line":74,"column":7}},"23":{"start":{"line":78,"column":28},"end":{"line":93,"column":3}},"24":{"start":{"line":92,"column":4},"end":{"line":92,"column":40}},"25":{"start":{"line":95,"column":27},"end":{"line":108,"column":3}},"26":{"start":{"line":107,"column":4},"end":{"line":107,"column":40}},"27":{"start":{"line":110,"column":2},"end":{"line":221,"column":5}},"28":{"start":{"line":225,"column":0},"end":{"line":225,"column":26}}},"fnMap":{"0":{"name":"(anonymous_0)","decl":{"start":{"line":3,"column":17},"end":{"line":3,"column":18}},"loc":{"start":{"line":3,"column":63},"end":{"line":223,"column":1}},"line":3},"1":{"name":"objToArr","decl":{"start":{"line":5,"column":11},"end":{"line":5,"column":19}},"loc":{"start":{"line":5,"column":26},"end":{"line":10,"column":3}},"line":5},"2":{"name":"(anonymous_2)","decl":{"start":{"line":6,"column":31},"end":{"line":6,"column":32}},"loc":{"start":{"line":6,"column":55},"end":{"line":9,"column":5}},"line":6},"3":{"name":"(anonymous_3)","decl":{"start":{"line":16,"column":59},"end":{"line":16,"column":60}},"loc":{"start":{"line":16,"column":67},"end":{"line":16,"column":83}},"line":16},"4":{"name":"(anonymous_4)","decl":{"start":{"line":17,"column":65},"end":{"line":17,"column":66}},"loc":{"start":{"line":17,"column":74},"end":{"line":25,"column":5}},"line":17},"5":{"name":"(anonymous_5)","decl":{"start":{"line":78,"column":28},"end":{"line":78,"column":29}},"loc":{"start":{"line":78,"column":40},"end":{"line":93,"column":3}},"line":78},"6":{"name":"(anonymous_6)","decl":{"start":{"line":95,"column":27},"end":{"line":95,"column":28}},"loc":{"start":{"line":95,"column":39},"end":{"line":108,"column":3}},"line":95}},"branchMap":{"0":{"loc":{"start":{"line":7,"column":6},"end":{"line":7,"column":72}},"type":"cond-expr","locations":[{"start":{"line":7,"column":27},"end":{"line":7,"column":47}},{"start":{"line":7,"column":50},"end":{"line":7,"column":72}}],"line":7},"1":{"loc":{"start":{"line":14,"column":2},"end":{"line":29,"column":3}},"type":"if","locations":[{"start":{"line":14,"column":2},"end":{"line":29,"column":3}},{"start":{"line":27,"column":9},"end":{"line":29,"column":3}}],"line":14},"2":{"loc":{"start":{"line":14,"column":6},"end":{"line":14,"column":64}},"type":"binary-expr","locations":[{"start":{"line":14,"column":6},"end":{"line":14,"column":27}},{"start":{"line":14,"column":31},"end":{"line":14,"column":64}}],"line":14},"3":{"loc":{"start":{"line":18,"column":6},"end":{"line":24,"column":7}},"type":"if","locations":[{"start":{"line":18,"column":6},"end":{"line":24,"column":7}},{"start":{"line":19,"column":11},"end":{"line":24,"column":7}}],"line":18},"4":{"loc":{"start":{"line":19,"column":11},"end":{"line":24,"column":7}},"type":"if","locations":[{"start":{"line":19,"column":11},"end":{"line":24,"column":7}},{"start":{"line":20,"column":11},"end":{"line":24,"column":7}}],"line":19},"5":{"loc":{"start":{"line":21,"column":8},"end":{"line":23,"column":21}},"type":"if","locations":[{"start":{"line":21,"column":8},"end":{"line":23,"column":21}},{"start":{"line":22,"column":13},"end":{"line":23,"column":21}}],"line":21},"6":{"loc":{"start":{"line":22,"column":13},"end":{"line":23,"column":21}},"type":"if","locations":[{"start":{"line":22,"column":13},"end":{"line":23,"column":21}},{"start":{"line":23,"column":13},"end":{"line":23,"column":21}}],"line":22},"7":{"loc":{"start":{"line":31,"column":2},"end":{"line":222,"column":1}},"type":"if","locations":[{"start":{"line":31,"column":2},"end":{"line":222,"column":1}},{"start":{"line":75,"column":9},"end":{"line":222,"column":1}}],"line":31}},"s":{"0":1,"1":1,"2":0,"3":0,"4":0,"5":0,"6":0,"7":0,"8":0,"9":0,"10":0,"11":0,"12":0,"13":0,"14":0,"15":0,"16":0,"17":0,"18":0,"19":0,"20":0,"21":0,"22":0,"23":0,"24":0,"25":0,"26":0,"27":0,"28":1},"f":{"0":0,"1":0,"2":0,"3":0,"4":0,"5":0,"6":0},"b":{"0":[0,0],"1":[0,0],"2":[0,0],"3":[0,0],"4":[0,0],"5":[0,0],"6":[0,0],"7":[0,0]},"_coverageSchema":"1a1c01bbd47fc00a2c39e90264f33305004495a9","hash":"3043b1f3443dd03374bf211cf5efc7ee115dbf07"}
,"/Users/tomadams/foodly/messages/welcomeMessage.js": {"path":"/Users/tomadams/foodly/messages/welcomeMessage.js","statementMap":{"0":{"start":{"line":1,"column":11},"end":{"line":1,"column":27}},"1":{"start":{"line":2,"column":15},"end":{"line":2,"column":32}},"2":{"start":{"line":3,"column":14},"end":{"line":3,"column":40}},"3":{"start":{"line":4,"column":13},"end":{"line":4,"column":28}},"4":{"start":{"line":5,"column":12},"end":{"line":5,"column":29}},"5":{"start":{"line":7,"column":21},"end":{"line":39,"column":1}},"6":{"start":{"line":9,"column":15},"end":{"line":9,"column":60}},"7":{"start":{"line":10,"column":29},"end":{"line":10,"column":31}},"8":{"start":{"line":12,"column":2},"end":{"line":14,"column":3}},"9":{"start":{"line":13,"column":4},"end":{"line":13,"column":61}},"10":{"start":{"line":16,"column":2},"end":{"line":27,"column":3}},"11":{"start":{"line":17,"column":4},"end":{"line":24,"column":7}},"12":{"start":{"line":26,"column":4},"end":{"line":26,"column":30}},"13":{"start":{"line":28,"column":2},"end":{"line":37,"column":3}},"14":{"start":{"line":28,"column":15},"end":{"line":28,"column":16}},"15":{"start":{"line":29,"column":4},"end":{"line":36,"column":7}},"16":{"start":{"line":38,"column":2},"end":{"line":38,"column":28}},"17":{"start":{"line":43,"column":2},"end":{"line":43,"column":30}},"18":{"start":{"line":43,"column":24},"end":{"line":43,"column":30}},"19":{"start":{"line":44,"column":2},"end":{"line":44,"column":55}},"20":{"start":{"line":44,"column":32},"end":{"line":44,"column":53}},"21":{"start":{"line":47,"column":22},"end":{"line":92,"column":1}},"22":{"start":{"line":51,"column":20},"end":{"line":51,"column":56}},"23":{"start":{"line":52,"column":30},"end":{"line":52,"column":32}},"24":{"start":{"line":53,"column":2},"end":{"line":55,"column":3}},"25":{"start":{"line":54,"column":4},"end":{"line":54,"column":93}},"26":{"start":{"line":54,"column":77},"end":{"line":54,"column":91}},"27":{"start":{"line":58,"column":17},"end":{"line":58,"column":62}},"28":{"start":{"line":60,"column":27},"end":{"line":60,"column":29}},"29":{"start":{"line":61,"column":2},"end":{"line":66,"column":3}},"30":{"start":{"line":62,"column":4},"end":{"line":64,"column":6}},"31":{"start":{"line":63,"column":16},"end":{"line":63,"column":33}},"32":{"start":{"line":67,"column":16},"end":{"line":78,"column":3}},"33":{"start":{"line":69,"column":8},"end":{"line":76,"column":10}},"34":{"start":{"line":81,"column":2},"end":{"line":90,"column":3}},"35":{"start":{"line":82,"column":4},"end":{"line":89,"column":6}},"36":{"start":{"line":91,"column":2},"end":{"line":91,"column":17}},"37":{"start":{"line":94,"column":23},"end":{"line":211,"column":1}},"38":{"start":{"line":97,"column":24},"end":{"line":97,"column":33}},"39":{"start":{"line":99,"column":2},"end":{"line":107,"column":5}},"40":{"start":{"line":100,"column":4},"end":{"line":100,"column":31}},"41":{"start":{"line":101,"column":20},"end":{"line":101,"column":25}},"42":{"start":{"line":102,"column":4},"end":{"line":104,"column":36}},"43":{"start":{"line":103,"column":6},"end":{"line":103,"column":18}},"44":{"start":{"line":104,"column":19},"end":{"line":104,"column":35}},"45":{"start":{"line":105,"column":4},"end":{"line":105,"column":69}},"46":{"start":{"line":106,"column":4},"end":{"line":106,"column":58}},"47":{"start":{"line":109,"column":2},"end":{"line":210,"column":4}},"48":{"start":{"line":212,"column":0},"end":{"line":216,"column":2}}},"fnMap":{"0":{"name":"(anonymous_0)","decl":{"start":{"line":7,"column":21},"end":{"line":7,"column":22}},"loc":{"start":{"line":7,"column":56},"end":{"line":39,"column":1}},"line":7},"1":{"name":"diff","decl":{"start":{"line":42,"column":9},"end":{"line":42,"column":13}},"loc":{"start":{"line":42,"column":28},"end":{"line":45,"column":1}},"line":42},"2":{"name":"(anonymous_2)","decl":{"start":{"line":44,"column":22},"end":{"line":44,"column":23}},"loc":{"start":{"line":44,"column":32},"end":{"line":44,"column":53}},"line":44},"3":{"name":"(anonymous_3)","decl":{"start":{"line":47,"column":22},"end":{"line":47,"column":23}},"loc":{"start":{"line":47,"column":57},"end":{"line":92,"column":1}},"line":47},"4":{"name":"(anonymous_4)","decl":{"start":{"line":54,"column":69},"end":{"line":54,"column":70}},"loc":{"start":{"line":54,"column":77},"end":{"line":54,"column":91}},"line":54},"5":{"name":"(anonymous_5)","decl":{"start":{"line":63,"column":6},"end":{"line":63,"column":7}},"loc":{"start":{"line":63,"column":16},"end":{"line":63,"column":33}},"line":63},"6":{"name":"(anonymous_6)","decl":{"start":{"line":68,"column":4},"end":{"line":68,"column":5}},"loc":{"start":{"line":68,"column":14},"end":{"line":77,"column":7}},"line":68},"7":{"name":"(anonymous_7)","decl":{"start":{"line":94,"column":23},"end":{"line":94,"column":24}},"loc":{"start":{"line":94,"column":48},"end":{"line":211,"column":1}},"line":94},"8":{"name":"(anonymous_8)","decl":{"start":{"line":99,"column":36},"end":{"line":99,"column":37}},"loc":{"start":{"line":99,"column":53},"end":{"line":107,"column":3}},"line":99}},"branchMap":{"0":{"loc":{"start":{"line":12,"column":2},"end":{"line":14,"column":3}},"type":"if","locations":[{"start":{"line":12,"column":2},"end":{"line":14,"column":3}},{"start":{},"end":{}}],"line":12},"1":{"loc":{"start":{"line":16,"column":2},"end":{"line":27,"column":3}},"type":"if","locations":[{"start":{"line":16,"column":2},"end":{"line":27,"column":3}},{"start":{},"end":{}}],"line":16},"2":{"loc":{"start":{"line":16,"column":6},"end":{"line":16,"column":60}},"type":"binary-expr","locations":[{"start":{"line":16,"column":6},"end":{"line":16,"column":25}},{"start":{"line":16,"column":29},"end":{"line":16,"column":60}}],"line":16},"3":{"loc":{"start":{"line":43,"column":2},"end":{"line":43,"column":30}},"type":"if","locations":[{"start":{"line":43,"column":2},"end":{"line":43,"column":30}},{"start":{},"end":{}}],"line":43},"4":{"loc":{"start":{"line":43,"column":6},"end":{"line":43,"column":22}},"type":"binary-expr","locations":[{"start":{"line":43,"column":6},"end":{"line":43,"column":12}},{"start":{"line":43,"column":16},"end":{"line":43,"column":22}}],"line":43},"5":{"loc":{"start":{"line":53,"column":2},"end":{"line":55,"column":3}},"type":"if","locations":[{"start":{"line":53,"column":2},"end":{"line":55,"column":3}},{"start":{},"end":{}}],"line":53},"6":{"loc":{"start":{"line":61,"column":2},"end":{"line":66,"column":3}},"type":"if","locations":[{"start":{"line":61,"column":2},"end":{"line":66,"column":3}},{"start":{},"end":{}}],"line":61},"7":{"loc":{"start":{"line":81,"column":2},"end":{"line":90,"column":3}},"type":"if","locations":[{"start":{"line":81,"column":2},"end":{"line":90,"column":3}},{"start":{},"end":{}}],"line":81}},"s":{"0":1,"1":1,"2":1,"3":1,"4":1,"5":1,"6":2,"7":2,"8":2,"9":1,"10":2,"11":1,"12":1,"13":1,"14":1,"15":1,"16":1,"17":2,"18":0,"19":2,"20":3,"21":1,"22":2,"23":2,"24":2,"25":2,"26":3,"27":2,"28":2,"29":2,"30":2,"31":2,"32":2,"33":2,"34":2,"35":1,"36":2,"37":1,"38":0,"39":0,"40":0,"41":0,"42":0,"43":0,"44":0,"45":0,"46":0,"47":0,"48":1},"f":{"0":2,"1":2,"2":3,"3":2,"4":3,"5":2,"6":2,"7":0,"8":0},"b":{"0":[1,1],"1":[1,1],"2":[2,1],"3":[0,2],"4":[2,2],"5":[2,0],"6":[2,0],"7":[1,1]},"_coverageSchema":"1a1c01bbd47fc00a2c39e90264f33305004495a9","hash":"de8d74b3aafa1477c285494a4bd40f84847cdb60"}
,"/Users/tomadams/foodly/messages/welcomeMessageActions.js": {"path":"/Users/tomadams/foodly/messages/welcomeMessageActions.js","statementMap":{"0":{"start":{"line":1,"column":11},"end":{"line":1,"column":27}},"1":{"start":{"line":2,"column":26},"end":{"line":2,"column":73}},"2":{"start":{"line":3,"column":15},"end":{"line":3,"column":32}},"3":{"start":{"line":4,"column":14},"end":{"line":4,"column":40}},"4":{"start":{"line":5,"column":13},"end":{"line":5,"column":28}},"5":{"start":{"line":6,"column":12},"end":{"line":6,"column":29}},"6":{"start":{"line":8,"column":0},"end":{"line":349,"column":2}},"7":{"start":{"line":11,"column":0},"end":{"line":18,"column":3}},"8":{"start":{"line":12,"column":18},"end":{"line":12,"column":23}},"9":{"start":{"line":13,"column":2},"end":{"line":17,"column":3}},"10":{"start":{"line":14,"column":4},"end":{"line":14,"column":16}},"11":{"start":{"line":16,"column":4},"end":{"line":16,"column":21}},"12":{"start":{"line":20,"column":0},"end":{"line":159,"column":3}},"13":{"start":{"line":21,"column":2},"end":{"line":21,"column":30}},"14":{"start":{"line":23,"column":32},"end":{"line":23,"column":37}},"15":{"start":{"line":24,"column":2},"end":{"line":28,"column":3}},"16":{"start":{"line":25,"column":4},"end":{"line":25,"column":16}},"17":{"start":{"line":27,"column":4},"end":{"line":27,"column":21}},"18":{"start":{"line":29,"column":2},"end":{"line":158,"column":3}},"19":{"start":{"line":30,"column":4},"end":{"line":155,"column":7}},"20":{"start":{"line":157,"column":4},"end":{"line":157,"column":21}},"21":{"start":{"line":161,"column":0},"end":{"line":217,"column":3}},"22":{"start":{"line":162,"column":30},"end":{"line":162,"column":35}},"23":{"start":{"line":163,"column":2},"end":{"line":167,"column":3}},"24":{"start":{"line":164,"column":4},"end":{"line":164,"column":16}},"25":{"start":{"line":166,"column":4},"end":{"line":166,"column":21}},"26":{"start":{"line":170,"column":4},"end":{"line":172,"column":5}},"27":{"start":{"line":171,"column":16},"end":{"line":171,"column":26}},"28":{"start":{"line":173,"column":21},"end":{"line":177,"column":3}},"29":{"start":{"line":178,"column":2},"end":{"line":181,"column":4}},"30":{"start":{"line":182,"column":2},"end":{"line":216,"column":3}},"31":{"start":{"line":185,"column":22},"end":{"line":185,"column":79}},"32":{"start":{"line":186,"column":4},"end":{"line":207,"column":5}},"33":{"start":{"line":187,"column":6},"end":{"line":197,"column":7}},"34":{"start":{"line":188,"column":8},"end":{"line":196,"column":11}},"35":{"start":{"line":199,"column":6},"end":{"line":206,"column":9}},"36":{"start":{"line":210,"column":23},"end":{"line":210,"column":98}},"37":{"start":{"line":211,"column":4},"end":{"line":213,"column":5}},"38":{"start":{"line":211,"column":17},"end":{"line":211,"column":18}},"39":{"start":{"line":212,"column":6},"end":{"line":212,"column":85}},"40":{"start":{"line":215,"column":4},"end":{"line":215,"column":21}},"41":{"start":{"line":219,"column":0},"end":{"line":266,"column":3}},"42":{"start":{"line":221,"column":24},"end":{"line":221,"column":29}},"43":{"start":{"line":222,"column":22},"end":{"line":222,"column":39}},"44":{"start":{"line":223,"column":2},"end":{"line":223,"column":29}},"45":{"start":{"line":224,"column":2},"end":{"line":228,"column":3}},"46":{"start":{"line":225,"column":4},"end":{"line":225,"column":16}},"47":{"start":{"line":227,"column":4},"end":{"line":227,"column":21}},"48":{"start":{"line":229,"column":2},"end":{"line":233,"column":4}},"49":{"start":{"line":234,"column":21},"end":{"line":240,"column":3}},"50":{"start":{"line":241,"column":2},"end":{"line":265,"column":3}},"51":{"start":{"line":242,"column":19},"end":{"line":245,"column":6}},"52":{"start":{"line":246,"column":4},"end":{"line":260,"column":5}},"53":{"start":{"line":247,"column":6},"end":{"line":252,"column":9}},"54":{"start":{"line":254,"column":6},"end":{"line":259,"column":9}},"55":{"start":{"line":262,"column":4},"end":{"line":262,"column":74}},"56":{"start":{"line":264,"column":4},"end":{"line":264,"column":21}},"57":{"start":{"line":269,"column":0},"end":{"line":277,"column":3}},"58":{"start":{"line":270,"column":18},"end":{"line":270,"column":23}},"59":{"start":{"line":271,"column":2},"end":{"line":275,"column":3}},"60":{"start":{"line":272,"column":4},"end":{"line":272,"column":16}},"61":{"start":{"line":274,"column":4},"end":{"line":274,"column":21}},"62":{"start":{"line":276,"column":2},"end":{"line":276,"column":9}},"63":{"start":{"line":280,"column":0},"end":{"line":288,"column":3}},"64":{"start":{"line":281,"column":18},"end":{"line":281,"column":23}},"65":{"start":{"line":282,"column":2},"end":{"line":286,"column":3}},"66":{"start":{"line":283,"column":4},"end":{"line":283,"column":16}},"67":{"start":{"line":285,"column":4},"end":{"line":285,"column":21}},"68":{"start":{"line":287,"column":2},"end":{"line":287,"column":9}},"69":{"start":{"line":290,"column":0},"end":{"line":348,"column":3}},"70":{"start":{"line":292,"column":24},"end":{"line":292,"column":29}},"71":{"start":{"line":293,"column":17},"end":{"line":293,"column":29}},"72":{"start":{"line":294,"column":22},"end":{"line":294,"column":39}},"73":{"start":{"line":296,"column":2},"end":{"line":300,"column":3}},"74":{"start":{"line":297,"column":4},"end":{"line":297,"column":16}},"75":{"start":{"line":299,"column":4},"end":{"line":299,"column":21}},"76":{"start":{"line":302,"column":4},"end":{"line":303,"column":12}},"77":{"start":{"line":304,"column":2},"end":{"line":304,"column":54}},"78":{"start":{"line":305,"column":17},"end":{"line":308,"column":4}},"79":{"start":{"line":309,"column":27},"end":{"line":309,"column":29}},"80":{"start":{"line":310,"column":2},"end":{"line":312,"column":3}},"81":{"start":{"line":311,"column":4},"end":{"line":311,"column":60}},"82":{"start":{"line":314,"column":2},"end":{"line":318,"column":3}},"83":{"start":{"line":314,"column":15},"end":{"line":314,"column":16}},"84":{"start":{"line":315,"column":4},"end":{"line":317,"column":5}},"85":{"start":{"line":316,"column":6},"end":{"line":316,"column":36}},"86":{"start":{"line":320,"column":2},"end":{"line":347,"column":3}},"87":{"start":{"line":321,"column":4},"end":{"line":326,"column":7}},"88":{"start":{"line":328,"column":4},"end":{"line":342,"column":5}},"89":{"start":{"line":329,"column":6},"end":{"line":334,"column":9}},"90":{"start":{"line":336,"column":6},"end":{"line":341,"column":9}},"91":{"start":{"line":344,"column":4},"end":{"line":344,"column":54}},"92":{"start":{"line":346,"column":4},"end":{"line":346,"column":21}}},"fnMap":{"0":{"name":"(anonymous_0)","decl":{"start":{"line":8,"column":17},"end":{"line":8,"column":18}},"loc":{"start":{"line":8,"column":29},"end":{"line":349,"column":1}},"line":8},"1":{"name":"(anonymous_1)","decl":{"start":{"line":11,"column":30},"end":{"line":11,"column":31}},"loc":{"start":{"line":11,"column":47},"end":{"line":18,"column":1}},"line":11},"2":{"name":"(anonymous_2)","decl":{"start":{"line":20,"column":36},"end":{"line":20,"column":37}},"loc":{"start":{"line":20,"column":53},"end":{"line":159,"column":1}},"line":20},"3":{"name":"(anonymous_3)","decl":{"start":{"line":161,"column":45},"end":{"line":161,"column":46}},"loc":{"start":{"line":161,"column":62},"end":{"line":217,"column":1}},"line":161},"4":{"name":"(anonymous_4)","decl":{"start":{"line":171,"column":6},"end":{"line":171,"column":7}},"loc":{"start":{"line":171,"column":16},"end":{"line":171,"column":26}},"line":171},"5":{"name":"(anonymous_5)","decl":{"start":{"line":219,"column":38},"end":{"line":219,"column":39}},"loc":{"start":{"line":219,"column":55},"end":{"line":266,"column":1}},"line":219},"6":{"name":"(anonymous_6)","decl":{"start":{"line":269,"column":25},"end":{"line":269,"column":26}},"loc":{"start":{"line":269,"column":42},"end":{"line":277,"column":1}},"line":269},"7":{"name":"(anonymous_7)","decl":{"start":{"line":280,"column":44},"end":{"line":280,"column":45}},"loc":{"start":{"line":280,"column":61},"end":{"line":288,"column":1}},"line":280},"8":{"name":"(anonymous_8)","decl":{"start":{"line":290,"column":33},"end":{"line":290,"column":34}},"loc":{"start":{"line":290,"column":50},"end":{"line":348,"column":1}},"line":290}},"branchMap":{"0":{"loc":{"start":{"line":186,"column":4},"end":{"line":207,"column":5}},"type":"if","locations":[{"start":{"line":186,"column":4},"end":{"line":207,"column":5}},{"start":{"line":198,"column":11},"end":{"line":207,"column":5}}],"line":186},"1":{"loc":{"start":{"line":187,"column":6},"end":{"line":197,"column":7}},"type":"if","locations":[{"start":{"line":187,"column":6},"end":{"line":197,"column":7}},{"start":{},"end":{}}],"line":187},"2":{"loc":{"start":{"line":246,"column":4},"end":{"line":260,"column":5}},"type":"if","locations":[{"start":{"line":246,"column":4},"end":{"line":260,"column":5}},{"start":{"line":253,"column":11},"end":{"line":260,"column":5}}],"line":246},"3":{"loc":{"start":{"line":310,"column":2},"end":{"line":312,"column":3}},"type":"if","locations":[{"start":{"line":310,"column":2},"end":{"line":312,"column":3}},{"start":{},"end":{}}],"line":310},"4":{"loc":{"start":{"line":315,"column":4},"end":{"line":317,"column":5}},"type":"if","locations":[{"start":{"line":315,"column":4},"end":{"line":317,"column":5}},{"start":{},"end":{}}],"line":315},"5":{"loc":{"start":{"line":328,"column":4},"end":{"line":342,"column":5}},"type":"if","locations":[{"start":{"line":328,"column":4},"end":{"line":342,"column":5}},{"start":{"line":335,"column":11},"end":{"line":342,"column":5}}],"line":328}},"s":{"0":1,"1":1,"2":1,"3":1,"4":1,"5":1,"6":1,"7":1,"8":0,"9":0,"10":0,"11":0,"12":1,"13":0,"14":0,"15":0,"16":0,"17":0,"18":0,"19":0,"20":0,"21":1,"22":0,"23":0,"24":0,"25":0,"26":0,"27":0,"28":0,"29":0,"30":0,"31":0,"32":0,"33":0,"34":0,"35":0,"36":0,"37":0,"38":0,"39":0,"40":0,"41":1,"42":0,"43":0,"44":0,"45":0,"46":0,"47":0,"48":0,"49":0,"50":0,"51":0,"52":0,"53":0,"54":0,"55":0,"56":0,"57":1,"58":0,"59":0,"60":0,"61":0,"62":0,"63":1,"64":0,"65":0,"66":0,"67":0,"68":0,"69":1,"70":0,"71":0,"72":0,"73":0,"74":0,"75":0,"76":0,"77":0,"78":0,"79":0,"80":0,"81":0,"82":0,"83":0,"84":0,"85":0,"86":0,"87":0,"88":0,"89":0,"90":0,"91":0,"92":0},"f":{"0":1,"1":0,"2":0,"3":0,"4":0,"5":0,"6":0,"7":0,"8":0},"b":{"0":[0,0],"1":[0,0],"2":[0,0],"3":[0,0],"4":[0,0],"5":[0,0]},"_coverageSchema":"1a1c01bbd47fc00a2c39e90264f33305004495a9","hash":"b1e495a40faa6d4d80ab684d371a3fb3b1cb94ba"}
,"/Users/tomadams/foodly/messages/winningSuggestionMsg.js": {"path":"/Users/tomadams/foodly/messages/winningSuggestionMsg.js","statementMap":{"0":{"start":{"line":1,"column":11},"end":{"line":1,"column":27}},"1":{"start":{"line":2,"column":15},"end":{"line":2,"column":32}},"2":{"start":{"line":3,"column":14},"end":{"line":3,"column":40}},"3":{"start":{"line":5,"column":24},"end":{"line":22,"column":1}},"4":{"start":{"line":7,"column":17},"end":{"line":7,"column":62}},"5":{"start":{"line":8,"column":21},"end":{"line":12,"column":3}},"6":{"start":{"line":13,"column":2},"end":{"line":19,"column":3}},"7":{"start":{"line":14,"column":4},"end":{"line":18,"column":5}},"8":{"start":{"line":14,"column":17},"end":{"line":14,"column":18}},"9":{"start":{"line":15,"column":6},"end":{"line":17,"column":7}},"10":{"start":{"line":16,"column":8},"end":{"line":16,"column":49}},"11":{"start":{"line":20,"column":2},"end":{"line":20,"column":31}},"12":{"start":{"line":21,"column":2},"end":{"line":21,"column":21}},"13":{"start":{"line":23,"column":28},"end":{"line":65,"column":1}},"14":{"start":{"line":26,"column":2},"end":{"line":62,"column":3}},"15":{"start":{"line":28,"column":27},"end":{"line":28,"column":29}},"16":{"start":{"line":29,"column":29},"end":{"line":29,"column":34}},"17":{"start":{"line":32,"column":6},"end":{"line":39,"column":7}},"18":{"start":{"line":32,"column":19},"end":{"line":32,"column":20}},"19":{"start":{"line":33,"column":8},"end":{"line":38,"column":9}},"20":{"start":{"line":34,"column":10},"end":{"line":34,"column":53}},"21":{"start":{"line":35,"column":10},"end":{"line":35,"column":65}},"22":{"start":{"line":36,"column":10},"end":{"line":36,"column":53}},"23":{"start":{"line":37,"column":10},"end":{"line":37,"column":39}},"24":{"start":{"line":40,"column":6},"end":{"line":58,"column":7}},"25":{"start":{"line":41,"column":8},"end":{"line":41,"column":46}},"26":{"start":{"line":42,"column":8},"end":{"line":44,"column":9}},"27":{"start":{"line":42,"column":21},"end":{"line":42,"column":22}},"28":{"start":{"line":43,"column":10},"end":{"line":43,"column":79}},"29":{"start":{"line":43,"column":54},"end":{"line":43,"column":79}},"30":{"start":{"line":45,"column":8},"end":{"line":54,"column":9}},"31":{"start":{"line":46,"column":10},"end":{"line":53,"column":11}},"32":{"start":{"line":47,"column":12},"end":{"line":47,"column":73}},"33":{"start":{"line":48,"column":12},"end":{"line":48,"column":139}},"34":{"start":{"line":51,"column":12},"end":{"line":51,"column":73}},"35":{"start":{"line":52,"column":12},"end":{"line":52,"column":114}},"36":{"start":{"line":55,"column":13},"end":{"line":58,"column":7}},"37":{"start":{"line":56,"column":8},"end":{"line":56,"column":69}},"38":{"start":{"line":57,"column":8},"end":{"line":57,"column":109}},"39":{"start":{"line":61,"column":4},"end":{"line":61,"column":20}},"40":{"start":{"line":63,"column":2},"end":{"line":63,"column":67}},"41":{"start":{"line":64,"column":2},"end":{"line":64,"column":18}},"42":{"start":{"line":69,"column":30},"end":{"line":134,"column":1}},"43":{"start":{"line":70,"column":2},"end":{"line":70,"column":18}},"44":{"start":{"line":71,"column":2},"end":{"line":133,"column":4}},"45":{"start":{"line":136,"column":0},"end":{"line":136,"column":79}}},"fnMap":{"0":{"name":"(anonymous_0)","decl":{"start":{"line":5,"column":24},"end":{"line":5,"column":25}},"loc":{"start":{"line":5,"column":61},"end":{"line":22,"column":1}},"line":5},"1":{"name":"(anonymous_1)","decl":{"start":{"line":23,"column":28},"end":{"line":23,"column":29}},"loc":{"start":{"line":23,"column":67},"end":{"line":65,"column":1}},"line":23},"2":{"name":"(anonymous_2)","decl":{"start":{"line":69,"column":30},"end":{"line":69,"column":31}},"loc":{"start":{"line":69,"column":56},"end":{"line":134,"column":1}},"line":69}},"branchMap":{"0":{"loc":{"start":{"line":13,"column":2},"end":{"line":19,"column":3}},"type":"if","locations":[{"start":{"line":13,"column":2},"end":{"line":19,"column":3}},{"start":{},"end":{}}],"line":13},"1":{"loc":{"start":{"line":15,"column":6},"end":{"line":17,"column":7}},"type":"if","locations":[{"start":{"line":15,"column":6},"end":{"line":17,"column":7}},{"start":{},"end":{}}],"line":15},"2":{"loc":{"start":{"line":33,"column":8},"end":{"line":38,"column":9}},"type":"if","locations":[{"start":{"line":33,"column":8},"end":{"line":38,"column":9}},{"start":{},"end":{}}],"line":33},"3":{"loc":{"start":{"line":40,"column":6},"end":{"line":58,"column":7}},"type":"if","locations":[{"start":{"line":40,"column":6},"end":{"line":58,"column":7}},{"start":{"line":55,"column":13},"end":{"line":58,"column":7}}],"line":40},"4":{"loc":{"start":{"line":43,"column":10},"end":{"line":43,"column":79}},"type":"if","locations":[{"start":{"line":43,"column":10},"end":{"line":43,"column":79}},{"start":{},"end":{}}],"line":43},"5":{"loc":{"start":{"line":45,"column":8},"end":{"line":54,"column":9}},"type":"if","locations":[{"start":{"line":45,"column":8},"end":{"line":54,"column":9}},{"start":{},"end":{}}],"line":45},"6":{"loc":{"start":{"line":46,"column":10},"end":{"line":53,"column":11}},"type":"if","locations":[{"start":{"line":46,"column":10},"end":{"line":53,"column":11}},{"start":{"line":50,"column":15},"end":{"line":53,"column":11}}],"line":46},"7":{"loc":{"start":{"line":55,"column":13},"end":{"line":58,"column":7}},"type":"if","locations":[{"start":{"line":55,"column":13},"end":{"line":58,"column":7}},{"start":{},"end":{}}],"line":55}},"s":{"0":2,"1":2,"2":2,"3":2,"4":2,"5":2,"6":2,"7":1,"8":1,"9":1,"10":1,"11":2,"12":2,"13":2,"14":1,"15":1,"16":1,"17":1,"18":1,"19":0,"20":0,"21":0,"22":0,"23":0,"24":0,"25":0,"26":0,"27":0,"28":0,"29":0,"30":0,"31":0,"32":0,"33":0,"34":0,"35":0,"36":0,"37":0,"38":0,"39":1,"40":1,"41":0,"42":2,"43":0,"44":0,"45":2},"f":{"0":2,"1":1,"2":0},"b":{"0":[1,1],"1":[1,0],"2":[0,0],"3":[0,0],"4":[0,0],"5":[0,0],"6":[0,0],"7":[0,0]},"_coverageSchema":"1a1c01bbd47fc00a2c39e90264f33305004495a9","hash":"baa6f8b0351bcad52defe2ca21310f35a9417b6c"}
,"/Users/tomadams/foodly/messages/winningSuggestionMsgActions.ts": {"path":"/Users/tomadams/foodly/messages/winningSuggestionMsgActions.ts","statementMap":{"0":{"start":{"line":1,"column":11},"end":{"line":1,"column":27}},"1":{"start":{"line":2,"column":15},"end":{"line":2,"column":32}},"2":{"start":{"line":3,"column":33},"end":{"line":3,"column":87}},"3":{"start":{"line":4,"column":14},"end":{"line":4,"column":40}},"4":{"start":{"line":5,"column":28},"end":{"line":5,"column":54}},"5":{"start":{"line":6,"column":12},"end":{"line":6,"column":29}},"6":{"start":{"line":8,"column":0},"end":{"line":84,"column":1}},"7":{"start":{"line":9,"column":2},"end":{"line":9,"column":18}},"8":{"start":{"line":10,"column":2},"end":{"line":55,"column":4}},"9":{"start":{"line":12,"column":34},"end":{"line":12,"column":39}},"10":{"start":{"line":13,"column":4},"end":{"line":13,"column":15}},"11":{"start":{"line":15,"column":19},"end":{"line":15,"column":88}},"12":{"start":{"line":16,"column":15},"end":{"line":16,"column":30}},"13":{"start":{"line":17,"column":35},"end":{"line":26,"column":6}},"14":{"start":{"line":19,"column":6},"end":{"line":21,"column":7}},"15":{"start":{"line":20,"column":8},"end":{"line":20,"column":17}},"16":{"start":{"line":22,"column":6},"end":{"line":24,"column":7}},"17":{"start":{"line":23,"column":8},"end":{"line":23,"column":18}},"18":{"start":{"line":25,"column":6},"end":{"line":25,"column":14}},"19":{"start":{"line":28,"column":4},"end":{"line":30,"column":5}},"20":{"start":{"line":28,"column":17},"end":{"line":28,"column":18}},"21":{"start":{"line":29,"column":6},"end":{"line":29,"column":99}},"22":{"start":{"line":32,"column":4},"end":{"line":54,"column":7}},"23":{"start":{"line":57,"column":2},"end":{"line":83,"column":4}},"24":{"start":{"line":58,"column":34},"end":{"line":58,"column":39}},"25":{"start":{"line":59,"column":24},"end":{"line":59,"column":41}},"26":{"start":{"line":60,"column":19},"end":{"line":60,"column":69}},"27":{"start":{"line":61,"column":23},"end":{"line":61,"column":51}},"28":{"start":{"line":62,"column":4},"end":{"line":82,"column":5}},"29":{"start":{"line":63,"column":6},"end":{"line":78,"column":7}},"30":{"start":{"line":64,"column":8},"end":{"line":64,"column":19}},"31":{"start":{"line":65,"column":32},"end":{"line":68,"column":10}},"32":{"start":{"line":69,"column":8},"end":{"line":69,"column":122}},"33":{"start":{"line":70,"column":8},"end":{"line":74,"column":10}},"34":{"start":{"line":75,"column":8},"end":{"line":75,"column":49}},"35":{"start":{"line":77,"column":8},"end":{"line":77,"column":19}},"36":{"start":{"line":80,"column":6},"end":{"line":80,"column":17}},"37":{"start":{"line":81,"column":6},"end":{"line":81,"column":22}}},"fnMap":{"0":{"name":"(anonymous_0)","decl":{"start":{"line":8,"column":17},"end":{"line":8,"column":18}},"loc":{"start":{"line":8,"column":29},"end":{"line":84,"column":1}},"line":8},"1":{"name":"(anonymous_1)","decl":{"start":{"line":10,"column":33},"end":{"line":10,"column":34}},"loc":{"start":{"line":10,"column":50},"end":{"line":55,"column":3}},"line":10},"2":{"name":"(anonymous_2)","decl":{"start":{"line":17,"column":64},"end":{"line":17,"column":65}},"loc":{"start":{"line":18,"column":4},"end":{"line":26,"column":5}},"line":18},"3":{"name":"(anonymous_3)","decl":{"start":{"line":57,"column":41},"end":{"line":57,"column":42}},"loc":{"start":{"line":57,"column":58},"end":{"line":83,"column":3}},"line":57}},"branchMap":{"0":{"loc":{"start":{"line":19,"column":6},"end":{"line":21,"column":7}},"type":"if","locations":[{"start":{"line":19,"column":6},"end":{"line":21,"column":7}},{"start":{},"end":{}}],"line":19},"1":{"loc":{"start":{"line":22,"column":6},"end":{"line":24,"column":7}},"type":"if","locations":[{"start":{"line":22,"column":6},"end":{"line":24,"column":7}},{"start":{},"end":{}}],"line":22},"2":{"loc":{"start":{"line":63,"column":6},"end":{"line":78,"column":7}},"type":"if","locations":[{"start":{"line":63,"column":6},"end":{"line":78,"column":7}},{"start":{"line":76,"column":13},"end":{"line":78,"column":7}}],"line":63}},"s":{"0":1,"1":1,"2":1,"3":1,"4":1,"5":1,"6":1,"7":1,"8":1,"9":0,"10":0,"11":0,"12":0,"13":0,"14":0,"15":0,"16":0,"17":0,"18":0,"19":0,"20":0,"21":0,"22":0,"23":1,"24":0,"25":0,"26":0,"27":0,"28":0,"29":0,"30":0,"31":0,"32":0,"33":0,"34":0,"35":0,"36":0,"37":0},"f":{"0":1,"1":0,"2":0,"3":0},"b":{"0":[0,0],"1":[0,0],"2":[0,0]},"_coverageSchema":"1a1c01bbd47fc00a2c39e90264f33305004495a9","hash":"c4874194c3f2676f8cbd1080c7e5a773c4ae2066"}
}
